<?xml version="1.0" encoding="UTF-8"?>
<testng-results skipped="0" failed="0" ignored="0" total="1" passed="1">
  <reporter-output>
  </reporter-output>
  <suite name="Default suite" duration-ms="4035" started-at="2022-03-14T17:02:08 IST" finished-at="2022-03-14T17:02:12 IST">
    <groups>
    </groups>
    <test name="Default test" duration-ms="4035" started-at="2022-03-14T17:02:08 IST" finished-at="2022-03-14T17:02:12 IST">
      <class name="SpecBuilders.SpecBuilder">
        <test-method status="PASS" signature="test()[pri:0, instance:SpecBuilders.SpecBuilder@3b088d51]" name="test" duration-ms="3970" started-at="2022-03-14T17:02:08 IST" finished-at="2022-03-14T17:02:12 IST">
          <reporter-output>
          </reporter-output>
        </test-method> <!-- test -->
      </class> <!-- SpecBuilders.SpecBuilder -->
    </test> <!-- Default test -->
  </suite> <!-- Default suite -->
</testng-results>
